{"numTotalTestSuites":211,"numPassedTestSuites":211,"numFailedTestSuites":0,"numPendingTestSuites":0,"numTotalTests":1178,"numPassedTests":1178,"numFailedTests":0,"numPendingTests":0,"numTodoTests":0,"snapshot":{"added":0,"failure":false,"filesAdded":0,"filesRemoved":0,"filesRemovedList":[],"filesUnmatched":0,"filesUpdated":0,"matched":0,"total":0,"unchecked":0,"uncheckedKeysByFile":[],"unmatched":0,"updated":0,"didUpdate":false},"startTime":1785270079976,"success":true,"testResults":[{"assertionResults":[{"ancestorTitles":["parseManifest"],"fullName":"parseManifest accepts the locked cms-regions/v1 shape","status":"passed","title":"accepts the locked cms-regions/v1 shape","duration":2.4369159999999965,"failureMessages":[],"meta":{}},{"ancestorTitles":["parseManifest"],"fullName":"parseManifest refuses unknown top-level keys","status":"passed","title":"refuses unknown top-level keys","duration":0.42724999999995816,"failureMessages":[],"meta":{}},{"ancestorTitles":["parseManifest"],"fullName":"parseManifest refuses unknown capabilities keys","status":"passed","title":"refuses unknown capabilities keys","duration":0.21462500000006912,"failureMessages":[],"meta":{}},{"ancestorTitles":["parseManifest"],"fullName":"parseManifest refuses a non-readonly commerce field mode","status":"passed","title":"refuses a non-readonly commerce field mode","duration":0.1775830000000269,"failureMessages":[],"meta":{}},{"ancestorTitles":["parseManifest"],"fullName":"parseManifest refuses a non-readonly coordinator","status":"passed","title":"refuses a non-readonly coordinator","duration":0.3224999999999909,"failureMessages":[],"meta":{}},{"ancestorTitles":["parseManifest"],"fullName":"parseManifest refuses anything other than [\"en\", \"es\"] languages","status":"passed","title":"refuses anything other than [\"en\", \"es\"] languages","duration":0.2546670000000404,"failureMessages":[],"meta":{}},{"ancestorTitles":["parseManifest"],"fullName":"parseManifest refuses manifestSchema other than cms-regions/v1","status":"passed","title":"refuses manifestSchema other than cms-regions/v1","duration":0.1662499999999909,"failureMessages":[],"meta":{}},{"ancestorTitles":["parseManifest"],"fullName":"parseManifest refuses deployMode other than github_pages","status":"passed","title":"refuses deployMode other than github_pages","duration":0.14175000000000182,"failureMessages":[],"meta":{}},{"ancestorTitles":["parseManifest"],"fullName":"parseManifest refuses manifest with a literal false failClosed","status":"passed","title":"refuses manifest with a literal false failClosed","duration":0.3778330000001233,"failureMessages":[],"meta":{}},{"ancestorTitles":["parseManifest"],"fullName":"parseManifest reads the manifest from disk via loadManifest","status":"passed","title":"reads the manifest from disk via loadManifest","duration":9.25,"failureMessages":[],"meta":{}},{"ancestorTitles":["parseManifest"],"fullName":"parseManifest wraps a missing manifest filesystem error as E_BINDING_NOT_FOUND","status":"passed","title":"wraps a missing manifest filesystem error as E_BINDING_NOT_FOUND","duration":1.119666000000052,"failureMessages":[],"meta":{}},{"ancestorTitles":["parseManifest"],"fullName":"parseManifest manifestToActivationContract is closed and admits the locked shape","status":"passed","title":"manifestToActivationContract is closed and admits the locked shape","duration":0.2770829999999478,"failureMessages":[],"meta":{}},{"ancestorTitles":["commerce field gating"],"fullName":"commerce field gating every commerce field is coordinator-gated and read-only","status":"passed","title":"every commerce field is coordinator-gated and read-only","duration":0.23683299999993324,"failureMessages":[],"meta":{}},{"ancestorTitles":["commerce field gating"],"fullName":"commerce field gating fieldCapabilities returns coordinator_gated for every commerce field","status":"passed","title":"fieldCapabilities returns coordinator_gated for every commerce field","duration":9.554458000000068,"failureMessages":[],"meta":{}},{"ancestorTitles":["commerce field gating"],"fullName":"commerce field gating parametric invariant: every advertised label maps to enforced real-host key(s), every mapped key mutation is rejected, and no enforcement key exists outside the mapping","status":"passed","title":"parametric invariant: every advertised label maps to enforced real-host key(s), every mapped key mutation is rejected, and no enforcement key exists outside the mapping","duration":125.8723329999998,"failureMessages":[],"meta":{}},{"ancestorTitles":["activate"],"fullName":"activate reports issues for a binding whose regeneration mode is not alias_symlink","status":"passed","title":"reports issues for a binding whose regeneration mode is not alias_symlink","duration":5.154708000000028,"failureMessages":[],"meta":{}},{"ancestorTitles":["activate"],"fullName":"activate activates when the alias resolves correctly","status":"passed","title":"activates when the alias resolves correctly","duration":3.523834000000079,"failureMessages":[],"meta":{}},{"ancestorTitles":["activate"],"fullName":"activate refuses when the alias is missing (E_ALIAS_MISSING via mapSymlinkRefusalToAdapterCode)","status":"passed","title":"refuses when the alias is missing (E_ALIAS_MISSING via mapSymlinkRefusalToAdapterCode)","duration":2.4997909999999592,"failureMessages":[],"meta":{}},{"ancestorTitles":["activate"],"fullName":"activate refuses when the alias is a regular file (E_ALIAS_NOT_SYMLINK)","status":"passed","title":"refuses when the alias is a regular file (E_ALIAS_NOT_SYMLINK)","duration":3.0027500000001055,"failureMessages":[],"meta":{}},{"ancestorTitles":["activate"],"fullName":"activate refuses a broken alias (E_ALIAS_BROKEN)","status":"passed","title":"refuses a broken alias (E_ALIAS_BROKEN)","duration":2.7250000000001364,"failureMessages":[],"meta":{}},{"ancestorTitles":["activate"],"fullName":"activate refuses a retargeted alias (E_ALIAS_RETARGETED)","status":"passed","title":"refuses a retargeted alias (E_ALIAS_RETARGETED)","duration":3.2625829999999496,"failureMessages":[],"meta":{}},{"ancestorTitles":["activate"],"fullName":"activate refuses a self-referential alias (E_ALIAS_LOOPED)","status":"passed","title":"refuses a self-referential alias (E_ALIAS_LOOPED)","duration":4.064415999999937,"failureMessages":[],"meta":{}},{"ancestorTitles":["activate"],"fullName":"activate refuses an alias that escapes the repository (E_ALIAS_ESCAPING)","status":"passed","title":"refuses an alias that escapes the repository (E_ALIAS_ESCAPING)","duration":3.3699159999998756,"failureMessages":[],"meta":{}},{"ancestorTitles":["activate"],"fullName":"activate refuses when the canonical cannot be read (E_CANONICAL_MISSING)","status":"passed","title":"refuses when the canonical cannot be read (E_CANONICAL_MISSING)","duration":4.0593330000001515,"failureMessages":[],"meta":{}},{"ancestorTitles":["activate"],"fullName":"activate reconcile returns in_sync=true after the canonical hash is loaded","status":"passed","title":"reconcile returns in_sync=true after the canonical hash is loaded","duration":4.282249999999976,"failureMessages":[],"meta":{}},{"ancestorTitles":["activate"],"fullName":"activate reconcile reports drift when the canonical hash differs from declared","status":"passed","title":"reconcile reports drift when the canonical hash differs from declared","duration":2.864707999999837,"failureMessages":[],"meta":{}},{"ancestorTitles":["apply"],"fullName":"apply writes the canonical source and returns a receipt","status":"passed","title":"writes the canonical source and returns a receipt","duration":5.79950000000008,"failureMessages":[],"meta":{}},{"ancestorTitles":["apply"],"fullName":"apply updates the Cerafica product through the canonical source while preserving the served alias","status":"passed","title":"updates the Cerafica product through the canonical source while preserving the served alias","duration":6.863125000000082,"failureMessages":[],"meta":{}},{"ancestorTitles":["apply"],"fullName":"apply refuses legacy object-wrapped products instead of rewriting the host shape","status":"passed","title":"refuses legacy object-wrapped products instead of rewriting the host shape","duration":3.433166999999912,"failureMessages":[],"meta":{}},{"ancestorTitles":["apply"],"fullName":"apply refuses alias writes with E_ALIAS_WRITE_FORBIDDEN","status":"passed","title":"refuses alias writes with E_ALIAS_WRITE_FORBIDDEN","duration":3.8644580000000133,"failureMessages":[],"meta":{}},{"ancestorTitles":["apply"],"fullName":"apply refuses any derived artifact path with E_DERIVED_WRITE_FORBIDDEN","status":"passed","title":"refuses any derived artifact path with E_DERIVED_WRITE_FORBIDDEN","duration":3.60024999999996,"failureMessages":[],"meta":{}},{"ancestorTitles":["apply"],"fullName":"apply refuses service identities with E_AUTHORITY_FORBIDDEN","status":"passed","title":"refuses service identities with E_AUTHORITY_FORBIDDEN","duration":3.3181660000000193,"failureMessages":[],"meta":{}},{"ancestorTitles":["apply"],"fullName":"apply refuses MCP-capable agent identities with E_AUTHORITY_FORBIDDEN","status":"passed","title":"refuses MCP-capable agent identities with E_AUTHORITY_FORBIDDEN","duration":3.6956669999999576,"failureMessages":[],"meta":{}},{"ancestorTitles":["apply"],"fullName":"apply accepts delegated-human identities (they are not services)","status":"passed","title":"accepts delegated-human identities (they are not services)","duration":4.073291000000154,"failureMessages":[],"meta":{}},{"ancestorTitles":["apply"],"fullName":"apply refuses environment mismatch with E_ENVIRONMENT_MISMATCH","status":"passed","title":"refuses environment mismatch with E_ENVIRONMENT_MISMATCH","duration":4.5145840000000135,"failureMessages":[],"meta":{}},{"ancestorTitles":["apply"],"fullName":"apply refuses a write whose bindingId does not match","status":"passed","title":"refuses a write whose bindingId does not match","duration":4.164584000000104,"failureMessages":[],"meta":{}},{"ancestorTitles":["apply"],"fullName":"apply refuses absolute-path writes","status":"passed","title":"refuses absolute-path writes","duration":4.062415999999985,"failureMessages":[],"meta":{}},{"ancestorTitles":["apply"],"fullName":"apply refuses paths that escape the repository via ..","status":"passed","title":"refuses paths that escape the repository via ..","duration":10.195083999999952,"failureMessages":[],"meta":{}},{"ancestorTitles":["apply"],"fullName":"apply accepts a content-only product update (safe descriptive/image fields)","status":"passed","title":"accepts a content-only product update (safe descriptive/image fields)","duration":20.92487499999993,"failureMessages":[],"meta":{}},{"ancestorTitles":["apply"],"fullName":"apply refuses a price change with E_DERIVED_WRITE_FORBIDDEN (commerce-gated field)","status":"passed","title":"refuses a price change with E_DERIVED_WRITE_FORBIDDEN (commerce-gated field)","duration":3.123833000000104,"failureMessages":[],"meta":{}},{"ancestorTitles":["apply"],"fullName":"apply refuses an availability change","status":"passed","title":"refuses an availability change","duration":3.4693750000001273,"failureMessages":[],"meta":{}},{"ancestorTitles":["apply"],"fullName":"apply refuses a coming_soon change","status":"passed","title":"refuses a coming_soon change","duration":3.6064170000001923,"failureMessages":[],"meta":{}},{"ancestorTitles":["apply"],"fullName":"apply refuses a one_of_one change","status":"passed","title":"refuses a one_of_one change","duration":3.4741659999999683,"failureMessages":[],"meta":{}},{"ancestorTitles":["apply"],"fullName":"apply refuses a stripe_payment_link change","status":"passed","title":"refuses a stripe_payment_link change","duration":3.8265000000001237,"failureMessages":[],"meta":{}},{"ancestorTitles":["apply"],"fullName":"apply refuses a product add (new id)","status":"passed","title":"refuses a product add (new id)","duration":18.433708000000024,"failureMessages":[],"meta":{}},{"ancestorTitles":["apply"],"fullName":"apply refuses a product remove (missing id)","status":"passed","title":"refuses a product remove (missing id)","duration":3.423000000000002,"failureMessages":[],"meta":{}},{"ancestorTitles":["journal"],"fullName":"journal discoverJournal returns the discovered module path with readonly: true","status":"passed","title":"discoverJournal returns the discovered module path with readonly: true","duration":2.389458999999988,"failureMessages":[],"meta":{}},{"ancestorTitles":["journal"],"fullName":"journal journalWrite rejects with JournalWriteUnsupportedError","status":"passed","title":"journalWrite rejects with JournalWriteUnsupportedError","duration":2.155749999999898,"failureMessages":[],"meta":{}},{"ancestorTitles":["GitHub Pages deploy capability"],"fullName":"GitHub Pages deploy capability trigger returns canonical_written and stashes the receipt","status":"passed","title":"trigger returns canonical_written and stashes the receipt","duration":3.4624159999998483,"failureMessages":[],"meta":{}},{"ancestorTitles":["GitHub Pages deploy capability"],"fullName":"GitHub Pages deploy capability reconcile returns awaiting_receipt before the client marks the deploy terminal","status":"passed","title":"reconcile returns awaiting_receipt before the client marks the deploy terminal","duration":2.8240829999999733,"failureMessages":[],"meta":{}},{"ancestorTitles":["GitHub Pages deploy capability"],"fullName":"GitHub Pages deploy capability reconcile returns succeeded once the client reports a terminal receipt","status":"passed","title":"reconcile returns succeeded once the client reports a terminal receipt","duration":2.9069999999999254,"failureMessages":[],"meta":{}},{"ancestorTitles":["GitHub Pages deploy capability"],"fullName":"GitHub Pages deploy capability reconcile returns failed when the client reports a failed receipt","status":"passed","title":"reconcile returns failed when the client reports a failed receipt","duration":3.083458999999948,"failureMessages":[],"meta":{}},{"ancestorTitles":["GitHub Pages deploy capability"],"fullName":"GitHub Pages deploy capability fails closed when a successful receipt lacks terminal metadata","status":"passed","title":"fails closed when a successful receipt lacks terminal metadata","duration":4.917332999999871,"failureMessages":[],"meta":{}},{"ancestorTitles":["GitHub Pages deploy capability"],"fullName":"GitHub Pages deploy capability fails closed when a failed receipt lacks terminal metadata","status":"passed","title":"fails closed when a failed receipt lacks terminal metadata","duration":5.138167000000067,"failureMessages":[],"meta":{}},{"ancestorTitles":["GitHub Pages deploy capability"],"fullName":"GitHub Pages deploy capability rollback writes the approval bytes and returns canonical_written","status":"passed","title":"rollback writes the approval bytes and returns canonical_written","duration":3.2798749999999472,"failureMessages":[],"meta":{}},{"ancestorTitles":["GitHub Pages deploy capability"],"fullName":"GitHub Pages deploy capability rollback refuses when the approval hash does not match","status":"passed","title":"rollback refuses when the approval hash does not match","duration":3.2961669999999685,"failureMessages":[],"meta":{}},{"ancestorTitles":["GitHub Pages deploy capability"],"fullName":"GitHub Pages deploy capability trigger fails closed when the deploy client rejects","status":"passed","title":"trigger fails closed when the deploy client rejects","duration":4.153042000000141,"failureMessages":[],"meta":{}},{"ancestorTitles":["GitHub Pages deploy capability"],"fullName":"GitHub Pages deploy capability deployCapabilitySnapshot advertises cache.invalidate enabled","status":"passed","title":"deployCapabilitySnapshot advertises cache.invalidate enabled","duration":4.523208999999952,"failureMessages":[],"meta":{}},{"ancestorTitles":["GitHub Pages deploy capability"],"fullName":"GitHub Pages deploy capability trigger returns the terminal state directly when the client reports an immediately-failed receipt","status":"passed","title":"trigger returns the terminal state directly when the client reports an immediately-failed receipt","duration":3.1877079999999296,"failureMessages":[],"meta":{}},{"ancestorTitles":["GitHub Pages deploy capability"],"fullName":"GitHub Pages deploy capability trigger throws (and leaves no stale state) when the trigger receipt is malformed","status":"passed","title":"trigger throws (and leaves no stale state) when the trigger receipt is malformed","duration":3.2380000000000564,"failureMessages":[],"meta":{}},{"ancestorTitles":["GitHub Pages deploy capability"],"fullName":"GitHub Pages deploy capability rollback refuses a canonicalPath that escapes the configured repoRoot","status":"passed","title":"rollback refuses a canonicalPath that escapes the configured repoRoot","duration":7.874917000000096,"failureMessages":[],"meta":{}},{"ancestorTitles":["GitHub Pages deploy capability"],"fullName":"GitHub Pages deploy capability rollback refuses non-commerce-safe approval bytes (preserves coordinator-gated authority)","status":"passed","title":"rollback refuses non-commerce-safe approval bytes (preserves coordinator-gated authority)","duration":6.36525000000006,"failureMessages":[],"meta":{}},{"ancestorTitles":["GitHub Pages deploy capability"],"fullName":"GitHub Pages deploy capability post-rollback reconcile reports canonical_written, not stale pre-rollback terminal state","status":"passed","title":"post-rollback reconcile reports canonical_written, not stale pre-rollback terminal state","duration":2.353125000000091,"failureMessages":[],"meta":{}},{"ancestorTitles":["SDK frozen-core contract"],"fullName":"SDK frozen-core contract refuses canonical writes whose repoPath does not match the locked regeneration source","status":"passed","title":"refuses canonical writes whose repoPath does not match the locked regeneration source","duration":1.8462080000001606,"failureMessages":[],"meta":{}},{"ancestorTitles":["SDK frozen-core contract"],"fullName":"SDK frozen-core contract discover advertises the closed frozen + provisional capability set","status":"passed","title":"discover advertises the closed frozen + provisional capability set","duration":2.770917000000054,"failureMessages":[],"meta":{}},{"ancestorTitles":["SDK frozen-core contract"],"fullName":"SDK frozen-core contract contract version reports the frozen 1.0.0 major and rc extension","status":"passed","title":"contract version reports the frozen 1.0.0 major and rc extension","duration":0.3406250000000455,"failureMessages":[],"meta":{}}],"startTime":1785270081043,"endTime":1785270081423.3406,"status":"passed","message":"","name":"/Users/simongonzalezdecruz/workspaces/handoff-cms/packages/adapter-cerafica/test/cerafica.test.ts"},{"assertionResults":[{"ancestorTitles":["frozen core surface"],"fullName":"frozen core surface publishes runtime metadata for the frozen canonical-resolution shape","status":"passed","title":"publishes runtime metadata for the frozen canonical-resolution shape","duration":1.85349999999994,"failureMessages":[],"meta":{}},{"ancestorTitles":["frozen core surface"],"fullName":"frozen core surface admits exactly one regeneration mode in the frozen core: alias_symlink","status":"passed","title":"admits exactly one regeneration mode in the frozen core: alias_symlink","duration":0.28541599999994105,"failureMessages":[],"meta":{}},{"ancestorTitles":["frozen core surface"],"fullName":"frozen core surface freezes the contract version metadata at SDK-load time","status":"passed","title":"freezes the contract version metadata at SDK-load time","duration":0.44091599999990194,"failureMessages":[],"meta":{}},{"ancestorTitles":["frozen core surface"],"fullName":"frozen core surface locks the closed union of refusal codes","status":"passed","title":"locks the closed union of refusal codes","duration":0.21245799999996962,"failureMessages":[],"meta":{}},{"ancestorTitles":["frozen core surface"],"fullName":"frozen core surface brands the AdapterId and refuses empty strings","status":"passed","title":"brands the AdapterId and refuses empty strings","duration":0.865415999999982,"failureMessages":[],"meta":{}},{"ancestorTitles":["frozen core surface"],"fullName":"frozen core surface declares a closed set of frozen and provisional capabilities","status":"passed","title":"declares a closed set of frozen and provisional capabilities","duration":0.19537500000001273,"failureMessages":[],"meta":{}},{"ancestorTitles":["runConformance with a valid adapter"],"fullName":"runConformance with a valid adapter produces a fully-ok report","status":"passed","title":"produces a fully-ok report","duration":2.5102079999999205,"failureMessages":[],"meta":{}},{"ancestorTitles":["runConformance with a valid adapter"],"fullName":"runConformance with a valid adapter reports the valid binding as activatable and the four ambiguous fixtures as refused","status":"passed","title":"reports the valid binding as activatable and the four ambiguous fixtures as refused","duration":0.9972920000000158,"failureMessages":[],"meta":{}},{"ancestorTitles":["runConformance detects contract bypasses"],"fullName":"runConformance detects contract bypasses fails when the adapter claims a frozen major different from the SDK","status":"passed","title":"fails when the adapter claims a frozen major different from the SDK","duration":0.7820419999999331,"failureMessages":[],"meta":{}},{"ancestorTitles":["runConformance detects contract bypasses"],"fullName":"runConformance detects contract bypasses fails when the adapter omits the prerelease marker on extensions","status":"passed","title":"fails when the adapter omits the prerelease marker on extensions","duration":0.4457919999999831,"failureMessages":[],"meta":{}},{"ancestorTitles":["runConformance detects contract bypasses"],"fullName":"runConformance detects contract bypasses fails when the adapter declares the wrong surface name","status":"passed","title":"fails when the adapter declares the wrong surface name","duration":0.33683400000006714,"failureMessages":[],"meta":{}},{"ancestorTitles":["runConformance detects contract bypasses"],"fullName":"runConformance detects contract bypasses fails when the adapter activates an ambiguous binding","status":"passed","title":"fails when the adapter activates an ambiguous binding","duration":0.33333300000003874,"failureMessages":[],"meta":{}},{"ancestorTitles":["runConformance detects contract bypasses"],"fullName":"runConformance detects contract bypasses fails when the adapter refuses the valid binding","status":"passed","title":"fails when the adapter refuses the valid binding","duration":0.9012500000000045,"failureMessages":[],"meta":{}},{"ancestorTitles":["runConformance detects contract bypasses"],"fullName":"runConformance detects contract bypasses fails when the adapter allows a derived write","status":"passed","title":"fails when the adapter allows a derived write","duration":0.4623749999999518,"failureMessages":[],"meta":{}},{"ancestorTitles":["runConformance detects contract bypasses"],"fullName":"runConformance detects contract bypasses fails when the adapter allows an alias write","status":"passed","title":"fails when the adapter allows an alias write","duration":0.6285830000000487,"failureMessages":[],"meta":{}},{"ancestorTitles":["runConformance detects contract bypasses"],"fullName":"runConformance detects contract bypasses fails when the adapter allows a service identity to drive a write","status":"passed","title":"fails when the adapter allows a service identity to drive a write","duration":0.4729579999999487,"failureMessages":[],"meta":{}},{"ancestorTitles":["runConformance detects contract bypasses"],"fullName":"runConformance detects contract bypasses fails when the adapter allows an agent identity to drive a write","status":"passed","title":"fails when the adapter allows an agent identity to drive a write","duration":0.31024999999999636,"failureMessages":[],"meta":{}},{"ancestorTitles":["runConformance detects contract bypasses"],"fullName":"runConformance detects contract bypasses fails when the adapter ignores environment mismatch","status":"passed","title":"fails when the adapter ignores environment mismatch","duration":0.2546670000000404,"failureMessages":[],"meta":{}},{"ancestorTitles":["runConformance detects contract bypasses"],"fullName":"runConformance detects contract bypasses fails when the adapter advertises a frozen capability outside the closed set","status":"passed","title":"fails when the adapter advertises a frozen capability outside the closed set","duration":0.21766700000000583,"failureMessages":[],"meta":{}},{"ancestorTitles":["runConformance detects contract bypasses"],"fullName":"runConformance detects contract bypasses fails when the adapter advertises a provisional capability outside the closed set","status":"passed","title":"fails when the adapter advertises a provisional capability outside the closed set","duration":0.21979099999998652,"failureMessages":[],"meta":{}},{"ancestorTitles":["AdapterContractError"],"fullName":"AdapterContractError freezes the details bag and carries the closed-union code","status":"passed","title":"freezes the details bag and carries the closed-union code","duration":0.3153339999998934,"failureMessages":[],"meta":{}},{"ancestorTitles":["AdapterContractError"],"fullName":"AdapterContractError uses one of the closed-union codes","status":"passed","title":"uses one of the closed-union codes","duration":0.3613749999999527,"failureMessages":[],"meta":{}},{"ancestorTitles":["makeConformanceFixtures"],"fullName":"makeConformanceFixtures includes a valid binding and four ambiguous bindings","status":"passed","title":"includes a valid binding and four ambiguous bindings","duration":0.21308299999998326,"failureMessages":[],"meta":{}},{"ancestorTitles":["makeConformanceFixtures"],"fullName":"makeConformanceFixtures classifies only the valid binding as activatable","status":"passed","title":"classifies only the valid binding as activatable","duration":0.1251670000000331,"failureMessages":[],"meta":{}},{"ancestorTitles":["AdapterDiscovery closed-set advertisement"],"fullName":"AdapterDiscovery closed-set advertisement is shape-stable for a valid binding","status":"passed","title":"is shape-stable for a valid binding","duration":0.2513339999999289,"failureMessages":[],"meta":{}}],"startTime":1785270081753,"endTime":1785270081768.2512,"status":"passed","message":"","name":"/Users/simongonzalezdecruz/workspaces/handoff-cms/packages/adapter-sdk/test/conformance.test.ts"},{"assertionResults":[{"ancestorTitles":["Hono authority API"],"fullName":"Hono authority API returns localized RFC 9457 problems with stable codes","status":"passed","title":"returns localized RFC 9457 problems with stable codes","duration":22.711084000000028,"failureMessages":[],"meta":{}},{"ancestorTitles":["Hono authority API"],"fullName":"Hono authority API requires idempotency keys on writes","status":"passed","title":"requires idempotency keys on writes","duration":5.4142920000001595,"failureMessages":[],"meta":{}},{"ancestorTitles":["Hono authority API"],"fullName":"Hono authority API creates an explicit proposed transition and replays the same idempotent response","status":"passed","title":"creates an explicit proposed transition and replays the same idempotent response","duration":6.68445799999995,"failureMessages":[],"meta":{}},{"ancestorTitles":["Hono authority API"],"fullName":"Hono authority API rejects reuse of an idempotency key with a changed body","status":"passed","title":"rejects reuse of an idempotency key with a changed body","duration":5.700249999999869,"failureMessages":[],"meta":{}},{"ancestorTitles":["Hono authority API"],"fullName":"Hono authority API returns 409 for an in-progress idempotency key without executing the write","status":"passed","title":"returns 409 for an in-progress idempotency key without executing the write","duration":2.5155419999998685,"failureMessages":[],"meta":{}},{"ancestorTitles":["Hono authority API"],"fullName":"Hono authority API does not return another tenant’s proposal even when the token and header agree","status":"passed","title":"does not return another tenant’s proposal even when the token and header agree","duration":3.1752089999999953,"failureMessages":[],"meta":{}},{"ancestorTitles":["Hono authority API"],"fullName":"Hono authority API allows same-human approval only as a separate policy-authorized transition and audits selfApproved","status":"passed","title":"allows same-human approval only as a separate policy-authorized transition and audits selfApproved","duration":48.73737499999993,"failureMessages":[],"meta":{}},{"ancestorTitles":["Hono authority API"],"fullName":"Hono authority API publishes to canonical_written before any live deploy receipt exists","status":"passed","title":"publishes to canonical_written before any live deploy receipt exists","duration":14.181874999999991,"failureMessages":[],"meta":{}},{"ancestorTitles":["Hono authority API"],"fullName":"Hono authority API fails optimistic concurrency before applying an approval","status":"passed","title":"fails optimistic concurrency before applying an approval","duration":2.8167499999999563,"failureMessages":[],"meta":{}},{"ancestorTitles":["Hono authority API"],"fullName":"Hono authority API rolls back prior business writes when a later approval mutation fails","status":"passed","title":"rolls back prior business writes when a later approval mutation fails","duration":4.1578340000000935,"failureMessages":[],"meta":{}},{"ancestorTitles":["Hono authority API"],"fullName":"Hono authority API completes one-action human rollback with an immutable audit event","status":"passed","title":"completes one-action human rollback with an immutable audit event","duration":1.1766250000000582,"failureMessages":[],"meta":{}},{"ancestorTitles":["Hono authority API"],"fullName":"Hono authority API requires If-Match for approval writes","status":"passed","title":"requires If-Match for approval writes","duration":0.7289999999998145,"failureMessages":[],"meta":{}},{"ancestorTitles":["Hono authority API"],"fullName":"Hono authority API hard-refuses service identities on approve","status":"passed","title":"hard-refuses service identities on approve","duration":0.7592079999999441,"failureMessages":[],"meta":{}},{"ancestorTitles":["Hono authority API"],"fullName":"Hono authority API hard-refuses service identities on publish","status":"passed","title":"hard-refuses service identities on publish","duration":0.6245420000000195,"failureMessages":[],"meta":{}},{"ancestorTitles":["Hono authority API"],"fullName":"Hono authority API hard-refuses service identities on rollback","status":"passed","title":"hard-refuses service identities on rollback","duration":0.6649170000000595,"failureMessages":[],"meta":{}},{"ancestorTitles":["Hono authority API"],"fullName":"Hono authority API keeps canonical-written separate from live and reconciles after a deploy receipt","status":"passed","title":"keeps canonical-written separate from live and reconciles after a deploy receipt","duration":2.02795900000001,"failureMessages":[],"meta":{}},{"ancestorTitles":["Hono authority API"],"fullName":"Hono authority API accepts deployment receipts from a narrowly scoped owning adapter service","status":"passed","title":"accepts deployment receipts from a narrowly scoped owning adapter service","duration":0.8159169999998994,"failureMessages":[],"meta":{}},{"ancestorTitles":["Hono authority API"],"fullName":"Hono authority API records failed propagation and refuses rollback while a deploy is still in flight","status":"passed","title":"records failed propagation and refuses rollback while a deploy is still in flight","duration":2.23829099999989,"failureMessages":[],"meta":{}},{"ancestorTitles":["Hono authority API"],"fullName":"Hono authority API defaults a missing locale, negotiates supported peers, and rejects unsupported locales","status":"passed","title":"defaults a missing locale, negotiates supported peers, and rejects unsupported locales","duration":3.581292000000076,"failureMessages":[],"meta":{}},{"ancestorTitles":["Hono authority API"],"fullName":"Hono authority API refuses a deploy receipt when identity.id does not match adapterId","status":"passed","title":"refuses a deploy receipt when identity.id does not match adapterId","duration":2.123500000000149,"failureMessages":[],"meta":{}},{"ancestorTitles":["Hono authority API"],"fullName":"Hono authority API refuses a deploy receipt when the identity lacks the deploy.receipt capability","status":"passed","title":"refuses a deploy receipt when the identity lacks the deploy.receipt capability","duration":1.804915999999821,"failureMessages":[],"meta":{}},{"ancestorTitles":["Hono authority API"],"fullName":"Hono authority API refuses reconcile for service identities (no impersonation of the live operator)","status":"passed","title":"refuses reconcile for service identities (no impersonation of the live operator)","duration":3.6593340000001717,"failureMessages":[],"meta":{}}],"startTime":1785270081823,"endTime":1785270081959.6594,"status":"passed","message":"","name":"/Users/simongonzalezdecruz/workspaces/handoff-cms/packages/api/test/api.test.ts"},{"assertionResults":[{"ancestorTitles":["authentication boundaries"],"fullName":"authentication boundaries rejects an audience mismatch","status":"passed","title":"rejects an audience mismatch","duration":2.5210420000000795,"failureMessages":[],"meta":{}},{"ancestorTitles":["authentication boundaries"],"fullName":"authentication boundaries rejects expired credentials","status":"passed","title":"rejects expired credentials","duration":0.26616599999988466,"failureMessages":[],"meta":{}},{"ancestorTitles":["authentication boundaries"],"fullName":"authentication boundaries rejects cross-tenant use","status":"passed","title":"rejects cross-tenant use","duration":0.2159999999998945,"failureMessages":[],"meta":{}},{"ancestorTitles":["authentication boundaries"],"fullName":"authentication boundaries carries only allowlisted token scopes into the resolved identity","status":"passed","title":"carries only allowlisted token scopes into the resolved identity","duration":6.184332999999924,"failureMessages":[],"meta":{}},{"ancestorTitles":["authentication boundaries"],"fullName":"authentication boundaries hard-refuses service identities for approve, publish, and rollback","status":"passed","title":"hard-refuses service identities for approve, publish, and rollback","duration":0.5266659999999774,"failureMessages":[],"meta":{}},{"ancestorTitles":["authentication boundaries"],"fullName":"authentication boundaries does not promote a service token with delegation claims to delegated human","status":"passed","title":"does not promote a service token with delegation claims to delegated human","duration":0.4968750000000455,"failureMessages":[],"meta":{}},{"ancestorTitles":["current policy authorization"],"fullName":"current policy authorization authorizes proposal creation without requiring a persisted proposer row first","status":"passed","title":"authorizes proposal creation without requiring a persisted proposer row first","duration":0.9647499999998672,"failureMessages":[],"meta":{}},{"ancestorTitles":["current policy authorization"],"fullName":"current policy authorization denies same-human approval by default","status":"passed","title":"denies same-human approval by default","duration":0.41475000000014006,"failureMessages":[],"meta":{}},{"ancestorTitles":["current policy authorization"],"fullName":"current policy authorization allows a separate explicit approval when current policy grants self_approve and records it","status":"passed","title":"allows a separate explicit approval when current policy grants self_approve and records it","duration":0.20849999999995816,"failureMessages":[],"meta":{}},{"ancestorTitles":["current policy authorization"],"fullName":"current policy authorization does not turn authorization failures into permissive fallbacks","status":"passed","title":"does not turn authorization failures into permissive fallbacks","duration":1.1558749999999236,"failureMessages":[],"meta":{}}],"startTime":1785270084241,"endTime":1785270084255.1558,"status":"passed","message":"","name":"/Users/simongonzalezdecruz/workspaces/handoff-cms/packages/api/test/auth.test.ts"},{"assertionResults":[{"ancestorTitles":["OpenAPI source-derived contracts"],"fullName":"OpenAPI source-derived contracts enumerates exactly the persisted proposal states emitted by the API","status":"passed","title":"enumerates exactly the persisted proposal states emitted by the API","duration":1.9222500000000764,"failureMessages":[],"meta":{}},{"ancestorTitles":["OpenAPI source-derived contracts"],"fullName":"OpenAPI source-derived contracts documents peer-locale negotiation and the health failure surface","status":"passed","title":"documents peer-locale negotiation and the health failure surface","duration":0.7722919999998794,"failureMessages":[],"meta":{}}],"startTime":1785270084383,"endTime":1785270084385.7722,"status":"passed","message":"","name":"/Users/simongonzalezdecruz/workspaces/handoff-cms/packages/api/test/openapi.test.ts"},{"assertionResults":[{"ancestorTitles":["api security: bearer token contracts"],"fullName":"api security: bearer token contracts returns 401 E_TOKEN_MISSING when the Authorization header is absent","status":"passed","title":"returns 401 E_TOKEN_MISSING when the Authorization header is absent","duration":14.435459000000037,"failureMessages":[],"meta":{}},{"ancestorTitles":["api security: bearer token contracts"],"fullName":"api security: bearer token contracts returns 401 E_TOKEN_EXPIRED when the token exp is in the past and the response is in es","status":"passed","title":"returns 401 E_TOKEN_EXPIRED when the token exp is in the past and the response is in es","duration":3.5607500000000982,"failureMessages":[],"meta":{}},{"ancestorTitles":["api security: bearer token contracts"],"fullName":"api security: bearer token contracts returns 401 E_TOKEN_AUDIENCE_MISMATCH when audience differs","status":"passed","title":"returns 401 E_TOKEN_AUDIENCE_MISMATCH when audience differs","duration":2.1555829999999787,"failureMessages":[],"meta":{}},{"ancestorTitles":["api security: bearer token contracts"],"fullName":"api security: bearer token contracts returns 401 E_TOKEN_MALFORMED when the token verifier rejects the header","status":"passed","title":"returns 401 E_TOKEN_MALFORMED when the token verifier rejects the header","duration":1.0160840000000917,"failureMessages":[],"meta":{}},{"ancestorTitles":["api security: bearer token contracts"],"fullName":"api security: bearer token contracts returns 401 E_UNAUTHORIZED when identity resolver returns null","status":"passed","title":"returns 401 E_UNAUTHORIZED when identity resolver returns null","duration":1.615542000000005,"failureMessages":[],"meta":{}},{"ancestorTitles":["api security: tenant scoping"],"fullName":"api security: tenant scoping returns 403 E_TENANT_FORBIDDEN when the token tenant does not match X-Tenant-Id","status":"passed","title":"returns 403 E_TENANT_FORBIDDEN when the token tenant does not match X-Tenant-Id","duration":1.6911250000000564,"failureMessages":[],"meta":{}},{"ancestorTitles":["api security: tenant scoping"],"fullName":"api security: tenant scoping returns 400 E_TENANT_HEADER_REQUIRED when the X-Tenant-Id header is absent","status":"passed","title":"returns 400 E_TENANT_HEADER_REQUIRED when the X-Tenant-Id header is absent","duration":1.1175000000000637,"failureMessages":[],"meta":{}},{"ancestorTitles":["api security: identity gating"],"fullName":"api security: identity gating returns 403 E_SERVICE_APPROVAL_FORBIDDEN for service identity on approve","status":"passed","title":"returns 403 E_SERVICE_APPROVAL_FORBIDDEN for service identity on approve","duration":7.8998750000000655,"failureMessages":[],"meta":{}},{"ancestorTitles":["api security: identity gating"],"fullName":"api security: identity gating returns 403 E_SERVICE_APPROVAL_FORBIDDEN for service identity on publish","status":"passed","title":"returns 403 E_SERVICE_APPROVAL_FORBIDDEN for service identity on publish","duration":2.7050420000000486,"failureMessages":[],"meta":{}},{"ancestorTitles":["api security: identity gating"],"fullName":"api security: identity gating returns 403 E_SERVICE_APPROVAL_FORBIDDEN for service identity on rollback","status":"passed","title":"returns 403 E_SERVICE_APPROVAL_FORBIDDEN for service identity on rollback","duration":2.0033750000000055,"failureMessages":[],"meta":{}},{"ancestorTitles":["api security: identity gating"],"fullName":"api security: identity gating returns 403 E_MCP_APPROVAL_FORBIDDEN for MCP-capable actor on 'approve'","status":"passed","title":"returns 403 E_MCP_APPROVAL_FORBIDDEN for MCP-capable actor on 'approve'","duration":57.85083300000019,"failureMessages":[],"meta":{}},{"ancestorTitles":["api security: identity gating"],"fullName":"api security: identity gating returns 403 E_MCP_APPROVAL_FORBIDDEN for MCP-capable actor on 'publish'","status":"passed","title":"returns 403 E_MCP_APPROVAL_FORBIDDEN for MCP-capable actor on 'publish'","duration":2.019625000000133,"failureMessages":[],"meta":{}},{"ancestorTitles":["api security: identity gating"],"fullName":"api security: identity gating returns 403 E_MCP_APPROVAL_FORBIDDEN for MCP-capable actor on 'rollback'","status":"passed","title":"returns 403 E_MCP_APPROVAL_FORBIDDEN for MCP-capable actor on 'rollback'","duration":0.8097080000000005,"failureMessages":[],"meta":{}},{"ancestorTitles":["api security: RFC 9457 problem shape"],"fullName":"api security: RFC 9457 problem shape emits a problem+json with closed-union code, type URN, title, detail, locale, and traceId","status":"passed","title":"emits a problem+json with closed-union code, type URN, title, detail, locale, and traceId","duration":0.7181660000001102,"failureMessages":[],"meta":{}},{"ancestorTitles":["api security: RFC 9457 problem shape"],"fullName":"api security: RFC 9457 problem shape falls back to en when the Accept-Language header is missing","status":"passed","title":"falls back to en when the Accept-Language header is missing","duration":12.57162500000004,"failureMessages":[],"meta":{}},{"ancestorTitles":["api security: RFC 9457 problem shape"],"fullName":"api security: RFC 9457 problem shape keeps English and Spanish message catalogs complete and distinct for every problem code","status":"passed","title":"keeps English and Spanish message catalogs complete and distinct for every problem code","duration":4.408292000000074,"failureMessages":[],"meta":{}},{"ancestorTitles":["api security: RFC 9457 problem shape","api security: persisted proposal authorization"],"fullName":"api security: RFC 9457 problem shape api security: persisted proposal authorization refuses approve with stable E_BAD_REQUEST when mismatched proposal id and asserts zero side effects","status":"passed","title":"refuses approve with stable E_BAD_REQUEST when mismatched proposal id and asserts zero side effects","duration":22.450583999999935,"failureMessages":[],"meta":{}},{"ancestorTitles":["api security: RFC 9457 problem shape","api security: persisted proposal authorization"],"fullName":"api security: RFC 9457 problem shape api security: persisted proposal authorization refuses approve with stable E_BAD_REQUEST when mismatched contentType and asserts zero side effects","status":"passed","title":"refuses approve with stable E_BAD_REQUEST when mismatched contentType and asserts zero side effects","duration":1.6153750000000855,"failureMessages":[],"meta":{}},{"ancestorTitles":["api security: RFC 9457 problem shape","api security: persisted proposal authorization"],"fullName":"api security: RFC 9457 problem shape api security: persisted proposal authorization refuses approve with stable E_BAD_REQUEST when mismatched environment and asserts zero side effects","status":"passed","title":"refuses approve with stable E_BAD_REQUEST when mismatched environment and asserts zero side effects","duration":2.6273329999999078,"failureMessages":[],"meta":{}},{"ancestorTitles":["api security: RFC 9457 problem shape","api security: persisted proposal authorization"],"fullName":"api security: RFC 9457 problem shape api security: persisted proposal authorization refuses approve with stable E_BAD_REQUEST when mismatched payload field and asserts zero side effects","status":"passed","title":"refuses approve with stable E_BAD_REQUEST when mismatched payload field and asserts zero side effects","duration":6.173500000000104,"failureMessages":[],"meta":{}},{"ancestorTitles":["api security: RFC 9457 problem shape","api security: persisted proposal authorization"],"fullName":"api security: RFC 9457 problem shape api security: persisted proposal authorization refuses publish with stable E_BAD_REQUEST when mismatched proposal id (publish) and asserts zero side effects","status":"passed","title":"refuses publish with stable E_BAD_REQUEST when mismatched proposal id (publish) and asserts zero side effects","duration":3.7274580000000697,"failureMessages":[],"meta":{}},{"ancestorTitles":["api security: RFC 9457 problem shape","api security: persisted proposal authorization"],"fullName":"api security: RFC 9457 problem shape api security: persisted proposal authorization refuses publish with stable E_BAD_REQUEST when mismatched environment (publish) and asserts zero side effects","status":"passed","title":"refuses publish with stable E_BAD_REQUEST when mismatched environment (publish) and asserts zero side effects","duration":4.8444580000000315,"failureMessages":[],"meta":{}},{"ancestorTitles":["api security: RFC 9457 problem shape","api security: persisted proposal authorization"],"fullName":"api security: RFC 9457 problem shape api security: persisted proposal authorization refuses rollback with stable E_BAD_REQUEST when mismatched proposal id (rollback) and asserts zero side effects","status":"passed","title":"refuses rollback with stable E_BAD_REQUEST when mismatched proposal id (rollback) and asserts zero side effects","duration":2.8823750000001382,"failureMessages":[],"meta":{}},{"ancestorTitles":["api security: RFC 9457 problem shape","api security: persisted proposal authorization"],"fullName":"api security: RFC 9457 problem shape api security: persisted proposal authorization refuses rollback with stable E_BAD_REQUEST when mismatched contentType (rollback) and asserts zero side effects","status":"passed","title":"refuses rollback with stable E_BAD_REQUEST when mismatched contentType (rollback) and asserts zero side effects","duration":1.0480420000001232,"failureMessages":[],"meta":{}}],"startTime":1785270082577,"endTime":1785270082741.048,"status":"passed","message":"","name":"/Users/simongonzalezdecruz/workspaces/handoff-cms/packages/api/test/security.test.ts"},{"assertionResults":[{"ancestorTitles":["canonicalize"],"fullName":"canonicalize sorts object keys lexicographically","status":"passed","title":"sorts object keys lexicographically","duration":2.8128749999999627,"failureMessages":[],"meta":{}},{"ancestorTitles":["canonicalize"],"fullName":"canonicalize rejects NaN","status":"passed","title":"rejects NaN","duration":0.9655829999999241,"failureMessages":[],"meta":{}},{"ancestorTitles":["canonicalize"],"fullName":"canonicalize rejects Infinity and -Infinity","status":"passed","title":"rejects Infinity and -Infinity","duration":0.3980829999999287,"failureMessages":[],"meta":{}},{"ancestorTitles":["canonicalize"],"fullName":"canonicalize rejects BigInt","status":"passed","title":"rejects BigInt","duration":0.207416999999964,"failureMessages":[],"meta":{}},{"ancestorTitles":["canonicalize"],"fullName":"canonicalize rejects undefined values inside objects","status":"passed","title":"rejects undefined values inside objects","duration":0.172458000000006,"failureMessages":[],"meta":{}},{"ancestorTitles":["canonicalize"],"fullName":"canonicalize rejects Symbol values","status":"passed","title":"rejects Symbol values","duration":0.1995000000000573,"failureMessages":[],"meta":{}},{"ancestorTitles":["canonicalize"],"fullName":"canonicalize rejects Dates and Maps","status":"passed","title":"rejects Dates and Maps","duration":1.170833000000016,"failureMessages":[],"meta":{}},{"ancestorTitles":["canonicalize"],"fullName":"canonicalize rejects empty strings","status":"passed","title":"rejects empty strings","duration":0.2676249999999527,"failureMessages":[],"meta":{}},{"ancestorTitles":["canonicalize"],"fullName":"canonicalize preserves array element order","status":"passed","title":"preserves array element order","duration":0.5135420000000295,"failureMessages":[],"meta":{}},{"ancestorTitles":["canonicalize"],"fullName":"canonicalize contentHash is deterministic under key reordering","status":"passed","title":"contentHash is deterministic under key reordering","duration":0.9387500000000273,"failureMessages":[],"meta":{}},{"ancestorTitles":["canonicalize"],"fullName":"canonicalize contentHash changes when a tracked value changes","status":"passed","title":"contentHash changes when a tracked value changes","duration":0.3063329999999951,"failureMessages":[],"meta":{}},{"ancestorTitles":["canonicalize"],"fullName":"canonicalize canonicalNDJSON joins with single LF and no trailing newline","status":"passed","title":"canonicalNDJSON joins with single LF and no trailing newline","duration":0.2751670000000104,"failureMessages":[],"meta":{}},{"ancestorTitles":["validateAuditEvent (via buildEvent)"],"fullName":"validateAuditEvent (via buildEvent) accepts a fully-formed event","status":"passed","title":"accepts a fully-formed event","duration":1.2291249999999536,"failureMessages":[],"meta":{}},{"ancestorTitles":["validateAuditEvent (via buildEvent)"],"fullName":"validateAuditEvent (via buildEvent) rejects when v is missing or wrong","status":"passed","title":"rejects when v is missing or wrong","duration":0.4065419999999449,"failureMessages":[],"meta":{}},{"ancestorTitles":["validateAuditEvent (via buildEvent)"],"fullName":"validateAuditEvent (via buildEvent) rejects when tenant is wrong shape","status":"passed","title":"rejects when tenant is wrong shape","duration":0.39041599999995924,"failureMessages":[],"meta":{}},{"ancestorTitles":["validateAuditEvent (via buildEvent)"],"fullName":"validateAuditEvent (via buildEvent) rejects when proposalHash is not a 64-char hex string","status":"passed","title":"rejects when proposalHash is not a 64-char hex string","duration":0.36970799999994597,"failureMessages":[],"meta":{}},{"ancestorTitles":["validateAuditEvent (via buildEvent)"],"fullName":"validateAuditEvent (via buildEvent) rejects when proposalHash does not match contentHash(proposal)","status":"passed","title":"rejects when proposalHash does not match contentHash(proposal)","duration":0.4162910000000011,"failureMessages":[],"meta":{}},{"ancestorTitles":["validateAuditEvent (via buildEvent)"],"fullName":"validateAuditEvent (via buildEvent) rejects when proposalHash is a different valid hex but wrong proposal hash","status":"passed","title":"rejects when proposalHash is a different valid hex but wrong proposal hash","duration":0.28912500000001273,"failureMessages":[],"meta":{}},{"ancestorTitles":["validateAuditEvent (via buildEvent)"],"fullName":"validateAuditEvent (via buildEvent) requires approval.at to be an integer unix-seconds value","status":"passed","title":"requires approval.at to be an integer unix-seconds value","duration":0.3053750000000264,"failureMessages":[],"meta":{}},{"ancestorTitles":["validateAuditEvent (via buildEvent)"],"fullName":"validateAuditEvent (via buildEvent) enforces selfApproved invariants","status":"passed","title":"enforces selfApproved invariants","duration":0.3640409999999292,"failureMessages":[],"meta":{}},{"ancestorTitles":["validateAuditEvent (via buildEvent)"],"fullName":"validateAuditEvent (via buildEvent) allows delegatedHuman when selfApproved=false","status":"passed","title":"allows delegatedHuman when selfApproved=false","duration":0.3077499999999418,"failureMessages":[],"meta":{}},{"ancestorTitles":["validateAuditEvent (via buildEvent)"],"fullName":"validateAuditEvent (via buildEvent) rejects unsupported hostResult status","status":"passed","title":"rejects unsupported hostResult status","duration":0.2666659999999865,"failureMessages":[],"meta":{}},{"ancestorTitles":["validateAuditEvent (via buildEvent)"],"fullName":"validateAuditEvent (via buildEvent) rejects unsupported deployResult status","status":"passed","title":"rejects unsupported deployResult status","duration":0.27700000000004366,"failureMessages":[],"meta":{}},{"ancestorTitles":["validateAuditEvent (via buildEvent)"],"fullName":"validateAuditEvent (via buildEvent) rejects rollbackLineage with bad ids","status":"passed","title":"rejects rollbackLineage with bad ids","duration":0.22791699999993398,"failureMessages":[],"meta":{}},{"ancestorTitles":["validateAuditEvent (via buildEvent)"],"fullName":"validateAuditEvent (via buildEvent) rejects control characters in tenant/actor/approver strings","status":"passed","title":"rejects control characters in tenant/actor/approver strings","duration":0.2807080000000042,"failureMessages":[],"meta":{}},{"ancestorTitles":["validateAuditEvent (via buildEvent)"],"fullName":"validateAuditEvent (via buildEvent) buildEvent returns an immutable deep copy: mutating the input does not leak","status":"passed","title":"buildEvent returns an immutable deep copy: mutating the input does not leak","duration":0.28224999999997635,"failureMessages":[],"meta":{}},{"ancestorTitles":["signEvent + verifyEnvelope"],"fullName":"signEvent + verifyEnvelope round-trips: sign then verify with the matching public key","status":"passed","title":"round-trips: sign then verify with the matching public key","duration":13.611249999999927,"failureMessages":[],"meta":{}},{"ancestorTitles":["signEvent + verifyEnvelope"],"fullName":"signEvent + verifyEnvelope produces a detached JWS with the expected protected header","status":"passed","title":"produces a detached JWS with the expected protected header","duration":0.6845829999999751,"failureMessages":[],"meta":{}},{"ancestorTitles":["signEvent + verifyEnvelope"],"fullName":"signEvent + verifyEnvelope reordering keys at runtime yields the same canonical bytes (still verifies)","status":"passed","title":"reordering keys at runtime yields the same canonical bytes (still verifies)","duration":1.0852089999999635,"failureMessages":[],"meta":{}},{"ancestorTitles":["signEvent + verifyEnvelope"],"fullName":"signEvent + verifyEnvelope changing a value breaks verification (canonical form mutated)","status":"passed","title":"changing a value breaks verification (canonical form mutated)","duration":0.684833000000026,"failureMessages":[],"meta":{}},{"ancestorTitles":["signEvent + verifyEnvelope"],"fullName":"signEvent + verifyEnvelope fails verification when the wrong public key is supplied","status":"passed","title":"fails verification when the wrong public key is supplied","duration":1.137707999999975,"failureMessages":[],"meta":{}},{"ancestorTitles":["signEvent + verifyEnvelope"],"fullName":"signEvent + verifyEnvelope fails verification when a single signature byte is flipped","status":"passed","title":"fails verification when a single signature byte is flipped","duration":18.908665999999926,"failureMessages":[],"meta":{}},{"ancestorTitles":["signEvent + verifyEnvelope"],"fullName":"signEvent + verifyEnvelope does not trust eventId from the envelope and rejects a forged id","status":"passed","title":"does not trust eventId from the envelope and rejects a forged id","duration":2.003749999999968,"failureMessages":[],"meta":{}},{"ancestorTitles":["signEvent + verifyEnvelope"],"fullName":"signEvent + verifyEnvelope fails verification when proposal is swapped but proposalHash is left stale","status":"passed","title":"fails verification when proposal is swapped but proposalHash is left stale","duration":1.0666670000000522,"failureMessages":[],"meta":{}},{"ancestorTitles":["signEvent + verifyEnvelope"],"fullName":"signEvent + verifyEnvelope fails verification when the proposal is swapped AND proposalHash is recomputed to match","status":"passed","title":"fails verification when the proposal is swapped AND proposalHash is recomputed to match","duration":0.9842499999999745,"failureMessages":[],"meta":{}},{"ancestorTitles":["signEvent + verifyEnvelope"],"fullName":"signEvent + verifyEnvelope verifyEnvelope returns false (never throws) on malformed envelope inputs","status":"passed","title":"verifyEnvelope returns false (never throws) on malformed envelope inputs","duration":1.5027079999999842,"failureMessages":[],"meta":{}},{"ancestorTitles":["verifyDetached (raw JWS) header-confusion resistance"],"fullName":"verifyDetached (raw JWS) header-confusion resistance rejects when alg is replaced (RS256)","status":"passed","title":"rejects when alg is replaced (RS256)","duration":5.360458000000108,"failureMessages":[],"meta":{}},{"ancestorTitles":["verifyDetached (raw JWS) header-confusion resistance"],"fullName":"verifyDetached (raw JWS) header-confusion resistance rejects when alg is replaced with \"none\"","status":"passed","title":"rejects when alg is replaced with \"none\"","duration":1.076791000000071,"failureMessages":[],"meta":{}},{"ancestorTitles":["verifyDetached (raw JWS) header-confusion resistance"],"fullName":"verifyDetached (raw JWS) header-confusion resistance rejects when crit is missing the b64 declaration","status":"passed","title":"rejects when crit is missing the b64 declaration","duration":0.9848329999999805,"failureMessages":[],"meta":{}},{"ancestorTitles":["verifyDetached (raw JWS) header-confusion resistance"],"fullName":"verifyDetached (raw JWS) header-confusion resistance rejects when b64 is set to true (payload would be re-interpreted)","status":"passed","title":"rejects when b64 is set to true (payload would be re-interpreted)","duration":1.4409160000000156,"failureMessages":[],"meta":{}},{"ancestorTitles":["verifyDetached (raw JWS) header-confusion resistance"],"fullName":"verifyDetached (raw JWS) header-confusion resistance rejects when an unknown protected header parameter is added without crit","status":"passed","title":"rejects when an unknown protected header parameter is added without crit","duration":1.0366249999999582,"failureMessages":[],"meta":{}},{"ancestorTitles":["verifyDetached (raw JWS) header-confusion resistance"],"fullName":"verifyDetached (raw JWS) header-confusion resistance rejects when protected header is not valid base64url JSON","status":"passed","title":"rejects when protected header is not valid base64url JSON","duration":1.0610419999999294,"failureMessages":[],"meta":{}},{"ancestorTitles":["verifyDetached (raw JWS) header-confusion resistance"],"fullName":"verifyDetached (raw JWS) header-confusion resistance rejects when kid is empty","status":"passed","title":"rejects when kid is empty","duration":0.5873750000000655,"failureMessages":[],"meta":{}},{"ancestorTitles":["hygiene"],"fullName":"hygiene any change to a canonical-tracked field changes the content hash and so the event id","status":"passed","title":"any change to a canonical-tracked field changes the content hash and so the event id","duration":0.3534589999999298,"failureMessages":[],"meta":{}},{"ancestorTitles":["hygiene"],"fullName":"hygiene contentHash is taken once over the canonical bytes (no triple canonicalization)","status":"passed","title":"contentHash is taken once over the canonical bytes (no triple canonicalization)","duration":0.4533330000000433,"failureMessages":[],"meta":{}}],"startTime":1785270082380,"endTime":1785270082449.4534,"status":"passed","message":"","name":"/Users/simongonzalezdecruz/workspaces/handoff-cms/packages/audit/test/audit.test.ts"},{"assertionResults":[{"ancestorTitles":["brandIso8601"],"fullName":"brandIso8601 rejects calendar-invalid dates with E_BAD_TIMESTAMP (Feb 30, Apr 31, Sep 31, hour/minute/second overflow, month 13, day 32)","status":"passed","title":"rejects calendar-invalid dates with E_BAD_TIMESTAMP (Feb 30, Apr 31, Sep 31, hour/minute/second overflow, month 13, day 32)","duration":2.8512080000000424,"failureMessages":[],"meta":{}},{"ancestorTitles":["brandIso8601"],"fullName":"brandIso8601 accepts UTC and explicit offsets with millisecond precision","status":"passed","title":"accepts UTC and explicit offsets with millisecond precision","duration":0.2393330000001015,"failureMessages":[],"meta":{}},{"ancestorTitles":["brandIso8601"],"fullName":"brandIso8601 rejects date-only and malformed strings with E_BAD_TIMESTAMP","status":"passed","title":"rejects date-only and malformed strings with E_BAD_TIMESTAMP","duration":0.37645899999995436,"failureMessages":[],"meta":{}},{"ancestorTitles":["brandSha256Hex"],"fullName":"brandSha256Hex accepts exactly 64 lowercase hex characters","status":"passed","title":"accepts exactly 64 lowercase hex characters","duration":0.18524999999999636,"failureMessages":[],"meta":{}},{"ancestorTitles":["brandSha256Hex"],"fullName":"brandSha256Hex rejects wrong length, uppercase, and non-hex with E_BAD_HASH","status":"passed","title":"rejects wrong length, uppercase, and non-hex with E_BAD_HASH","duration":0.26145899999994526,"failureMessages":[],"meta":{}},{"ancestorTitles":["ERROR_CODES"],"fullName":"ERROR_CODES is a frozen, closed union that includes all expected codes","status":"passed","title":"is a frozen, closed union that includes all expected codes","duration":2.5190000000000055,"failureMessages":[],"meta":{}},{"ancestorTitles":["ERROR_CODES"],"fullName":"ERROR_CODES is frozen at runtime: push, index-set, and structural mutation throw","status":"passed","title":"is frozen at runtime: push, index-set, and structural mutation throw","duration":1.0211669999999913,"failureMessages":[],"meta":{}},{"ancestorTitles":["ERROR_CODES"],"fullName":"ERROR_CODES keeps every entry assignable to the literal ErrorCode union","status":"passed","title":"keeps every entry assignable to the literal ErrorCode union","duration":0.09512499999993906,"failureMessages":[],"meta":{}},{"ancestorTitles":["isServiceIdentity / isMcpIdentity"],"fullName":"isServiceIdentity / isMcpIdentity classifies identity kinds correctly","status":"passed","title":"classifies identity kinds correctly","duration":0.1921670000000404,"failureMessages":[],"meta":{}},{"ancestorTitles":["isServiceIdentity / isMcpIdentity"],"fullName":"isServiceIdentity / isMcpIdentity distinguishes MCP from non-MCP services by capability list","status":"passed","title":"distinguishes MCP from non-MCP services by capability list","duration":0.13312500000006366,"failureMessages":[],"meta":{}},{"ancestorTitles":["assertRepoRelativePath"],"fullName":"assertRepoRelativePath accepts normalised POSIX paths","status":"passed","title":"accepts normalised POSIX paths","duration":1.0538750000000618,"failureMessages":[],"meta":{}},{"ancestorTitles":["assertRepoRelativePath"],"fullName":"assertRepoRelativePath rejects absolute POSIX and absolute Windows paths","status":"passed","title":"rejects absolute POSIX and absolute Windows paths","duration":0.37712499999997817,"failureMessages":[],"meta":{}},{"ancestorTitles":["assertRepoRelativePath"],"fullName":"assertRepoRelativePath rejects .. and . segments as path-escape attempts","status":"passed","title":"rejects .. and . segments as path-escape attempts","duration":5.677000000000021,"failureMessages":[],"meta":{}},{"ancestorTitles":["assertRepoRelativePath"],"fullName":"assertRepoRelativePath rejects NUL bytes and shell metacharacters","status":"passed","title":"rejects NUL bytes and shell metacharacters","duration":0.4542500000000018,"failureMessages":[],"meta":{}},{"ancestorTitles":["checkRepoRelativePath"],"fullName":"checkRepoRelativePath returns the typed ok:true result for valid input","status":"passed","title":"returns the typed ok:true result for valid input","duration":0.1412920000000213,"failureMessages":[],"meta":{}},{"ancestorTitles":["checkRepoRelativePath"],"fullName":"checkRepoRelativePath returns the typed ok:false result with code + message for invalid input","status":"passed","title":"returns the typed ok:false result with code + message for invalid input","duration":0.1480420000000322,"failureMessages":[],"meta":{}},{"ancestorTitles":["assertLocalized"],"fullName":"assertLocalized accepts both locales populated","status":"passed","title":"accepts both locales populated","duration":0.18208399999991798,"failureMessages":[],"meta":{}},{"ancestorTitles":["assertLocalized"],"fullName":"assertLocalized rejects empty EN with E_MISSING_LOCALE","status":"passed","title":"rejects empty EN with E_MISSING_LOCALE","duration":0.11533299999996416,"failureMessages":[],"meta":{}},{"ancestorTitles":["assertLocalized"],"fullName":"assertLocalized rejects whitespace-only EN with E_MISSING_LOCALE","status":"passed","title":"rejects whitespace-only EN with E_MISSING_LOCALE","duration":0.11162500000000364,"failureMessages":[],"meta":{}},{"ancestorTitles":["assertLocalized"],"fullName":"assertLocalized rejects whitespace-only ES with E_MISSING_LOCALE","status":"passed","title":"rejects whitespace-only ES with E_MISSING_LOCALE","duration":0.11462500000004638,"failureMessages":[],"meta":{}},{"ancestorTitles":["assertLocalized"],"fullName":"assertLocalized accepts localised values with leading/trailing whitespace when non-whitespace content is present","status":"passed","title":"accepts localised values with leading/trailing whitespace when non-whitespace content is present","duration":0.12783299999989595,"failureMessages":[],"meta":{}},{"ancestorTitles":["assertLocalized"],"fullName":"assertLocalized treats ES being empty string as missing locale (covered via onlyEn)","status":"passed","title":"treats ES being empty string as missing locale (covered via onlyEn)","duration":0.12083300000006147,"failureMessages":[],"meta":{}},{"ancestorTitles":["assertRegionBinding — happy paths"],"fullName":"assertRegionBinding — happy paths accepts a fully-formed binding","status":"passed","title":"accepts a fully-formed binding","duration":0.3797499999999445,"failureMessages":[],"meta":{}},{"ancestorTitles":["assertRegionBinding — happy paths"],"fullName":"assertRegionBinding — happy paths accepts binding with locale \"es\"","status":"passed","title":"accepts binding with locale \"es\"","duration":0.17999999999994998,"failureMessages":[],"meta":{}},{"ancestorTitles":["assertRegionBinding — happy paths"],"fullName":"assertRegionBinding — happy paths accepts binding with multiple derived artifacts","status":"passed","title":"accepts binding with multiple derived artifacts","duration":0.16383299999995415,"failureMessages":[],"meta":{}},{"ancestorTitles":["assertRegionBinding — happy paths"],"fullName":"assertRegionBinding — happy paths assertRegionBinding terminates when alias targets resolve to derived artifacts","status":"passed","title":"assertRegionBinding terminates when alias targets resolve to derived artifacts","duration":0.15829200000007404,"failureMessages":[],"meta":{}},{"ancestorTitles":["assertRegionBinding — failures"],"fullName":"assertRegionBinding — failures rejects zero derived artifacts with E_EMPTY_DERIVED_ARTIFACTS","status":"passed","title":"rejects zero derived artifacts with E_EMPTY_DERIVED_ARTIFACTS","duration":0.12824999999998,"failureMessages":[],"meta":{}},{"ancestorTitles":["assertRegionBinding — failures"],"fullName":"assertRegionBinding — failures rejects unsupported regeneration mode with E_BAD_REGENERATION_MODE","status":"passed","title":"rejects unsupported regeneration mode with E_BAD_REGENERATION_MODE","duration":0.1470409999999447,"failureMessages":[],"meta":{}},{"ancestorTitles":["assertRegionBinding — failures"],"fullName":"assertRegionBinding — failures rejects absolute canonical repo path with E_ABSOLUTE_PATH","status":"passed","title":"rejects absolute canonical repo path with E_ABSOLUTE_PATH","duration":0.13020800000003874,"failureMessages":[],"meta":{}},{"ancestorTitles":["assertRegionBinding — failures"],"fullName":"assertRegionBinding — failures rejects canonical source with .. segment with E_ESCAPING_PATH","status":"passed","title":"rejects canonical source with .. segment with E_ESCAPING_PATH","duration":0.14283399999999347,"failureMessages":[],"meta":{}},{"ancestorTitles":["assertRegionBinding — failures"],"fullName":"assertRegionBinding — failures rejects absolute derived-artifact path with E_ABSOLUTE_PATH","status":"passed","title":"rejects absolute derived-artifact path with E_ABSOLUTE_PATH","duration":0.15133299999990868,"failureMessages":[],"meta":{}},{"ancestorTitles":["AliasSymlinkContract — escape / self / cycle / ambiguity"],"fullName":"AliasSymlinkContract — escape / self / cycle / ambiguity rejects self-alias when aliasPath equals an aliasTarget with E_SELF_ALIAS","status":"passed","title":"rejects self-alias when aliasPath equals an aliasTarget with E_SELF_ALIAS","duration":0.1359580000000733,"failureMessages":[],"meta":{}},{"ancestorTitles":["AliasSymlinkContract — escape / self / cycle / ambiguity"],"fullName":"AliasSymlinkContract — escape / self / cycle / ambiguity rejects aliasPath absolute with E_ABSOLUTE_PATH before alias-graph checks","status":"passed","title":"rejects aliasPath absolute with E_ABSOLUTE_PATH before alias-graph checks","duration":0.1264170000000604,"failureMessages":[],"meta":{}},{"ancestorTitles":["AliasSymlinkContract — escape / self / cycle / ambiguity"],"fullName":"AliasSymlinkContract — escape / self / cycle / ambiguity rejects aliasTargets containing .. with E_ESCAPING_PATH","status":"passed","title":"rejects aliasTargets containing .. with E_ESCAPING_PATH","duration":0.126166000000012,"failureMessages":[],"meta":{}},{"ancestorTitles":["AliasSymlinkContract — escape / self / cycle / ambiguity"],"fullName":"AliasSymlinkContract — escape / self / cycle / ambiguity rejects ambiguous canonical when canonicalSource appears in aliasTargets twice","status":"passed","title":"rejects ambiguous canonical when canonicalSource appears in aliasTargets twice","duration":0.1135829999999487,"failureMessages":[],"meta":{}},{"ancestorTitles":["AliasSymlinkContract — escape / self / cycle / ambiguity"],"fullName":"AliasSymlinkContract — escape / self / cycle / ambiguity accepts a single canonical reference in aliasTargets (not ambiguous)","status":"passed","title":"accepts a single canonical reference in aliasTargets (not ambiguous)","duration":0.12524999999993724,"failureMessages":[],"meta":{}},{"ancestorTitles":["AliasSymlinkContract — escape / self / cycle / ambiguity"],"fullName":"AliasSymlinkContract — escape / self / cycle / ambiguity rejects absolute aliasTarget with E_ABSOLUTE_PATH","status":"passed","title":"rejects absolute aliasTarget with E_ABSOLUTE_PATH","duration":0.11112500000001546,"failureMessages":[],"meta":{}},{"ancestorTitles":["AliasSymlinkContract — escape / self / cycle / ambiguity"],"fullName":"AliasSymlinkContract — escape / self / cycle / ambiguity rejects Windows-drive aliasTarget with E_ABSOLUTE_PATH","status":"passed","title":"rejects Windows-drive aliasTarget with E_ABSOLUTE_PATH","duration":0.11866699999995944,"failureMessages":[],"meta":{}},{"ancestorTitles":["AliasSymlinkContract — escape / self / cycle / ambiguity"],"fullName":"AliasSymlinkContract — escape / self / cycle / ambiguity pure core does NOT walk the alias graph: lexically-clean mutual references among the aliasPath and a derived artifact pass without raising E_CYCLIC_ALIAS","status":"passed","title":"pure core does NOT walk the alias graph: lexically-clean mutual references among the aliasPath and a derived artifact pass without raising E_CYCLIC_ALIAS","duration":0.1595829999999978,"failureMessages":[],"meta":{}},{"ancestorTitles":["AliasSymlinkContract — escape / self / cycle / ambiguity"],"fullName":"AliasSymlinkContract — escape / self / cycle / ambiguity retains E_CYCLIC_ALIAS in the closed union so adapters can report real filesystem cycles","status":"passed","title":"retains E_CYCLIC_ALIAS in the closed union so adapters can report real filesystem cycles","duration":0.08545800000001691,"failureMessages":[],"meta":{}},{"ancestorTitles":["assertProposal"],"fullName":"assertProposal accepts an asset proposal with normalised canonical + preview paths","status":"passed","title":"accepts an asset proposal with normalised canonical + preview paths","duration":6.702332999999953,"failureMessages":[],"meta":{}},{"ancestorTitles":["assertProposal"],"fullName":"assertProposal accepts an asset proposal with deeper normalised canonical + preview paths","status":"passed","title":"accepts an asset proposal with deeper normalised canonical + preview paths","duration":1.3530829999999696,"failureMessages":[],"meta":{}},{"ancestorTitles":["assertProposal"],"fullName":"assertProposal rejects asset proposal with absolute canonicalRepoPath with E_ABSOLUTE_PATH","status":"passed","title":"rejects asset proposal with absolute canonicalRepoPath with E_ABSOLUTE_PATH","duration":7.055292000000009,"failureMessages":[],"meta":{}},{"ancestorTitles":["assertProposal"],"fullName":"assertProposal rejects asset proposal with absolute previewRepoPath with E_ABSOLUTE_PATH","status":"passed","title":"rejects asset proposal with absolute previewRepoPath with E_ABSOLUTE_PATH","duration":0.44220900000004804,"failureMessages":[],"meta":{}},{"ancestorTitles":["assertProposal"],"fullName":"assertProposal rejects asset proposal with .. in canonicalRepoPath with E_ESCAPING_PATH","status":"passed","title":"rejects asset proposal with .. in canonicalRepoPath with E_ESCAPING_PATH","duration":2.7538749999999936,"failureMessages":[],"meta":{}},{"ancestorTitles":["assertProposal"],"fullName":"assertProposal rejects asset proposal with .. in previewRepoPath with E_ESCAPING_PATH","status":"passed","title":"rejects asset proposal with .. in previewRepoPath with E_ESCAPING_PATH","duration":0.33075000000008004,"failureMessages":[],"meta":{}},{"ancestorTitles":["assertProposal"],"fullName":"assertProposal accepts a content proposal with both locales populated","status":"passed","title":"accepts a content proposal with both locales populated","duration":0.2777080000000751,"failureMessages":[],"meta":{}},{"ancestorTitles":["assertProposal"],"fullName":"assertProposal rejects content proposal missing localizedBody ES with E_MISSING_LOCALE","status":"passed","title":"rejects content proposal missing localizedBody ES with E_MISSING_LOCALE","duration":2.0976670000000013,"failureMessages":[],"meta":{}},{"ancestorTitles":["assertProposal"],"fullName":"assertProposal rejects content proposal with absolute canonicalRepoPath with E_ABSOLUTE_PATH","status":"passed","title":"rejects content proposal with absolute canonicalRepoPath with E_ABSOLUTE_PATH","duration":0.251166000000012,"failureMessages":[],"meta":{}},{"ancestorTitles":["assertProposal"],"fullName":"assertProposal rejects content proposal with .. in canonicalRepoPath with E_ESCAPING_PATH","status":"passed","title":"rejects content proposal with .. in canonicalRepoPath with E_ESCAPING_PATH","duration":0.18200000000001637,"failureMessages":[],"meta":{}},{"ancestorTitles":["Identity — frozen surface"],"fullName":"Identity — frozen surface exports three distinct kinds under a closed union","status":"passed","title":"exports three distinct kinds under a closed union","duration":0.25670800000000327,"failureMessages":[],"meta":{}}],"startTime":1785270081651,"endTime":1785270081693.2566,"status":"passed","message":"","name":"/Users/simongonzalezdecruz/workspaces/handoff-cms/packages/core/test/domain.test.ts"},{"assertionResults":[{"ancestorTitles":["policy: service identity denial"],"fullName":"policy: service identity denial denies approve to a plain service identity with E_SERVICE_APPROVAL_FORBIDDEN","status":"passed","title":"denies approve to a plain service identity with E_SERVICE_APPROVAL_FORBIDDEN","duration":1.6606249999999818,"failureMessages":[],"meta":{}},{"ancestorTitles":["policy: service identity denial"],"fullName":"policy: service identity denial denies approve to a service identity with the mcp capability with E_SERVICE_APPROVAL_FORBIDDEN","status":"passed","title":"denies approve to a service identity with the mcp capability with E_SERVICE_APPROVAL_FORBIDDEN","duration":0.21583299999997507,"failureMessages":[],"meta":{}},{"ancestorTitles":["policy: service identity denial"],"fullName":"policy: service identity denial denies publish to a service identity with E_SERVICE_APPROVAL_FORBIDDEN","status":"passed","title":"denies publish to a service identity with E_SERVICE_APPROVAL_FORBIDDEN","duration":0.29150000000004184,"failureMessages":[],"meta":{}},{"ancestorTitles":["policy: service identity denial"],"fullName":"policy: service identity denial denies approve to MCP-capable actor with E_MCP_APPROVAL_FORBIDDEN","status":"passed","title":"denies approve to MCP-capable actor with E_MCP_APPROVAL_FORBIDDEN","duration":0.3062079999999696,"failureMessages":[],"meta":{}},{"ancestorTitles":["policy: service identity denial"],"fullName":"policy: service identity denial denies publish to MCP-capable actor with E_MCP_APPROVAL_FORBIDDEN","status":"passed","title":"denies publish to MCP-capable actor with E_MCP_APPROVAL_FORBIDDEN","duration":0.20129199999996672,"failureMessages":[],"meta":{}},{"ancestorTitles":["policy: self-approval"],"fullName":"policy: self-approval denies approval when the proposer and actor are the same identity with E_SELF_APPROVAL_FORBIDDEN","status":"passed","title":"denies approval when the proposer and actor are the same identity with E_SELF_APPROVAL_FORBIDDEN","duration":0.38800000000003365,"failureMessages":[],"meta":{}},{"ancestorTitles":["policy: self-approval"],"fullName":"policy: self-approval allows same-human approval only with the explicit self_approve capability","status":"passed","title":"allows same-human approval only with the explicit self_approve capability","duration":0.20320800000001782,"failureMessages":[],"meta":{}},{"ancestorTitles":["policy: self-approval"],"fullName":"policy: self-approval denies publish to the proposer for the same proposal with E_SELF_APPROVAL_FORBIDDEN","status":"passed","title":"denies publish to the proposer for the same proposal with E_SELF_APPROVAL_FORBIDDEN","duration":0.1965419999999085,"failureMessages":[],"meta":{}},{"ancestorTitles":["policy: self-approval"],"fullName":"policy: self-approval allows approval when proposer and actor are different identities","status":"passed","title":"allows approval when proposer and actor are different identities","duration":0.2528750000000173,"failureMessages":[],"meta":{}},{"ancestorTitles":["policy: self-approval"],"fullName":"policy: self-approval does NOT apply self-approval denial to propose/rollback","status":"passed","title":"does NOT apply self-approval denial to propose/rollback","duration":0.24308300000006966,"failureMessages":[],"meta":{}},{"ancestorTitles":["policy: stale and in-flight grants"],"fullName":"policy: stale and in-flight grants denies when the actor has no grants at all with E_INSUFFICIENT_AUTHORITY","status":"passed","title":"denies when the actor has no grants at all with E_INSUFFICIENT_AUTHORITY","duration":0.14879199999995762,"failureMessages":[],"meta":{}},{"ancestorTitles":["policy: stale and in-flight grants"],"fullName":"policy: stale and in-flight grants denies when every grant has expired before now with E_INSUFFICIENT_AUTHORITY","status":"passed","title":"denies when every grant has expired before now with E_INSUFFICIENT_AUTHORITY","duration":0.1905419999999367,"failureMessages":[],"meta":{}},{"ancestorTitles":["policy: stale and in-flight grants"],"fullName":"policy: stale and in-flight grants denies when every grant has not yet started with E_INSUFFICIENT_AUTHORITY","status":"passed","title":"denies wh
[...]
ullName":"rollback command transitions live -> canonical_written and preserves prior deployedRevisionId","status":"passed","title":"transitions live -> canonical_written and preserves prior deployedRevisionId","duration":0.6649589999999534,"failureMessages":[],"meta":{}},{"ancestorTitles":["rollback command"],"fullName":"rollback command rejects service identity rollback","status":"passed","title":"rejects service identity rollback","duration":0.2487500000002001,"failureMessages":[],"meta":{}},{"ancestorTitles":["rollback command"],"fullName":"rollback command rejects rollback when state is not live/reconciled/failed","status":"passed","title":"rejects rollback when state is not live/reconciled/failed","duration":0.2361670000000231,"failureMessages":[],"meta":{}},{"ancestorTitles":["reconcile command"],"fullName":"reconcile command updates deployStatus via api.reconcile","status":"passed","title":"updates deployStatus via api.reconcile","duration":0.3215419999999085,"failureMessages":[],"meta":{}},{"ancestorTitles":["reconcile command"],"fullName":"reconcile command rejects reconcile from an editing state with E_RECONCILE_FORBIDDEN","status":"passed","title":"rejects reconcile from an editing state with E_RECONCILE_FORBIDDEN","duration":0.3295410000000629,"failureMessages":[],"meta":{}},{"ancestorTitles":["reconcile command"],"fullName":"reconcile command rejects reconcile from a proposed state with E_RECONCILE_FORBIDDEN","status":"passed","title":"rejects reconcile from a proposed state with E_RECONCILE_FORBIDDEN","duration":0.4194159999999556,"failureMessages":[],"meta":{}},{"ancestorTitles":["reconcile command"],"fullName":"reconcile command rejects service identity reconcile with ServiceAuthorityDeniedError","status":"passed","title":"rejects service identity reconcile with ServiceAuthorityDeniedError","duration":0.2219159999999647,"failureMessages":[],"meta":{}},{"ancestorTitles":["reconcile command"],"fullName":"reconcile command surfaces API errors visibly","status":"passed","title":"surfaces API errors visibly","duration":0.19570899999985159,"failureMessages":[],"meta":{}},{"ancestorTitles":["refresh command"],"fullName":"refresh command replaces snapshot with api.loadRecord result","status":"passed","title":"replaces snapshot with api.loadRecord result","duration":0.2811659999999847,"failureMessages":[],"meta":{}},{"ancestorTitles":["set_preference command"],"fullName":"set_preference command updates preference (lowDistraction honored)","status":"passed","title":"updates preference (lowDistraction honored)","duration":0.11033300000008239,"failureMessages":[],"meta":{}},{"ancestorTitles":["set_preference command"],"fullName":"set_preference command does not change visible state","status":"passed","title":"does not change visible state","duration":0.11304199999995035,"failureMessages":[],"meta":{}},{"ancestorTitles":["focusTargetFor"],"fullName":"focusTargetFor returns first invalid block when alt is missing","status":"passed","title":"returns first invalid block when alt is missing","duration":0.18866700000012315,"failureMessages":[],"meta":{}},{"ancestorTitles":["focusTargetFor"],"fullName":"focusTargetFor returns the next block when navigating forward","status":"passed","title":"returns the next block when navigating forward","duration":0.12391699999989214,"failureMessages":[],"meta":{}},{"ancestorTitles":["focusTargetFor"],"fullName":"focusTargetFor returns null at boundaries","status":"passed","title":"returns null at boundaries","duration":0.10908299999982773,"failureMessages":[],"meta":{}},{"ancestorTitles":["subscribers"],"fullName":"subscribers notifies subscribers on dispatch","status":"passed","title":"notifies subscribers on dispatch","duration":0.2383750000001328,"failureMessages":[],"meta":{}},{"ancestorTitles":["history is append-only"],"fullName":"history is append-only records every dispatch","status":"passed","title":"records every dispatch","duration":0.3031660000001466,"failureMessages":[],"meta":{}},{"ancestorTitles":["api.auditHistory"],"fullName":"api.auditHistory returns the audit entries from api.auditHistory","status":"passed","title":"returns the audit entries from api.auditHistory","duration":0.16183300000011513,"failureMessages":[],"meta":{}},{"ancestorTitles":["dry-run dispatch"],"fullName":"dry-run dispatch does not call api for upload when dry-run is true","status":"passed","title":"does not call api for upload when dry-run is true","duration":0.17962499999998727,"failureMessages":[],"meta":{}},{"ancestorTitles":["STORE_ERROR_CODES"],"fullName":"STORE_ERROR_CODES contains the canonical codes","status":"passed","title":"contains the canonical codes","duration":0.2766670000000886,"failureMessages":[],"meta":{}},{"ancestorTitles":["same-human explicit flow"],"fullName":"same-human explicit flow accepts approve/publish/rollback from a delegated-human identity","status":"passed","title":"accepts approve/publish/rollback from a delegated-human identity","duration":3.2519579999998314,"failureMessages":[],"meta":{}},{"ancestorTitles":["createAuthoringStore config validation"],"fullName":"createAuthoringStore config validation rejects mismatched initial snapshot","status":"passed","title":"rejects mismatched initial snapshot","duration":2.7984579999999823,"failureMessages":[],"meta":{}},{"ancestorTitles":["per-store clock + counter isolation"],"fullName":"per-store clock + counter isolation two stores mint non-overlapping edit ids when they share a counter reference","status":"passed","title":"two stores mint non-overlapping edit ids when they share a counter reference","duration":0.41412500000001273,"failureMessages":[],"meta":{}},{"ancestorTitles":["per-store clock + counter isolation"],"fullName":"per-store clock + counter isolation two stores each get a fresh, independent counter when none is provided","status":"passed","title":"two stores each get a fresh, independent counter when none is provided","duration":0.32329200000003766,"failureMessages":[],"meta":{}},{"ancestorTitles":["per-store clock + counter isolation"],"fullName":"per-store clock + counter isolation an injected clock pins appliedAt for every edit from the same store","status":"passed","title":"an injected clock pins appliedAt for every edit from the same store","duration":0.9176250000000437,"failureMessages":[],"meta":{}},{"ancestorTitles":["per-store clock + counter isolation"],"fullName":"per-store clock + counter isolation two stores with distinct injected clocks never bleed timestamps into one another","status":"passed","title":"two stores with distinct injected clocks never bleed timestamps into one another","duration":0.18191600000000108,"failureMessages":[],"meta":{}},{"ancestorTitles":["Command exhaustiveness"],"fullName":"Command exhaustiveness handles every command branch without a fallthrough","status":"passed","title":"handles every command branch without a fallthrough","duration":1.0609170000000177,"failureMessages":[],"meta":{}},{"ancestorTitles":["asset proposal payload"],"fullName":"asset proposal payload loadRecord accepts an asset proposal payload via api","status":"passed","title":"loadRecord accepts an asset proposal payload via api","duration":0.3792080000000624,"failureMessages":[],"meta":{}},{"ancestorTitles":["G003 Handoff Beat — isReconcilable / RECONCILABLE_STATES"],"fullName":"G003 Handoff Beat — isReconcilable / RECONCILABLE_STATES reconcile is allowed from canonical_written, deploy_pending, live, rolled_back, error","status":"passed","title":"reconcile is allowed from canonical_written, deploy_pending, live, rolled_back, error","duration":0.18641600000000835,"failureMessages":[],"meta":{}},{"ancestorTitles":["G003 Handoff Beat — isReconcilable / RECONCILABLE_STATES"],"fullName":"G003 Handoff Beat — isReconcilable / RECONCILABLE_STATES reconcile is forbidden from editing, preview_ready, proposed, approved","status":"passed","title":"reconcile is forbidden from editing, preview_ready, proposed, approved","duration":0.13066600000001927,"failureMessages":[],"meta":{}},{"ancestorTitles":["G003 Handoff Beat — isReconcilable / RECONCILABLE_STATES"],"fullName":"G003 Handoff Beat — isReconcilable / RECONCILABLE_STATES RECONCILABLE_STATES is the closed set the dispatch boundary enforces","status":"passed","title":"RECONCILABLE_STATES is the closed set the dispatch boundary enforces","duration":0.23650000000020555,"failureMessages":[],"meta":{}},{"ancestorTitles":["G003 Handoff Beat — isReconcilable / RECONCILABLE_STATES"],"fullName":"G003 Handoff Beat — isReconcilable / RECONCILABLE_STATES every ALL_VISIBLE_STATES entry is covered by either allowed or forbidden","status":"passed","title":"every ALL_VISIBLE_STATES entry is covered by either allowed or forbidden","duration":0.20204199999989214,"failureMessages":[],"meta":{}},{"ancestorTitles":["G003 Handoff Beat — isRollbackAllowed / ROLLBACK_ALLOWED_STATES"],"fullName":"G003 Handoff Beat — isRollbackAllowed / ROLLBACK_ALLOWED_STATES rollback is allowed from live (normal reversal)","status":"passed","title":"rollback is allowed from live (normal reversal)","duration":0.09270900000001348,"failureMessages":[],"meta":{}},{"ancestorTitles":["G003 Handoff Beat — isRollbackAllowed / ROLLBACK_ALLOWED_STATES"],"fullName":"G003 Handoff Beat — isRollbackAllowed / ROLLBACK_ALLOWED_STATES rollback is allowed from error (model-permitted recovery)","status":"passed","title":"rollback is allowed from error (model-permitted recovery)","duration":0.06616699999995035,"failureMessages":[],"meta":{}},{"ancestorTitles":["G003 Handoff Beat — isRollbackAllowed / ROLLBACK_ALLOWED_STATES"],"fullName":"G003 Handoff Beat — isRollbackAllowed / ROLLBACK_ALLOWED_STATES rollback is forbidden from every other visible state","status":"passed","title":"rollback is forbidden from every other visible state","duration":0.1669160000001284,"failureMessages":[],"meta":{}},{"ancestorTitles":["G003 Handoff Beat — isRollbackAllowed / ROLLBACK_ALLOWED_STATES"],"fullName":"G003 Handoff Beat — isRollbackAllowed / ROLLBACK_ALLOWED_STATES ROLLBACK_ALLOWED_STATES mirrors the dispatch boundary exactly","status":"passed","title":"ROLLBACK_ALLOWED_STATES mirrors the dispatch boundary exactly","duration":0.14295799999990777,"failureMessages":[],"meta":{}},{"ancestorTitles":["G003 Handoff Beat — isRollbackAllowed / ROLLBACK_ALLOWED_STATES"],"fullName":"G003 Handoff Beat — isRollbackAllowed / ROLLBACK_ALLOWED_STATES model accepts rollback from the live state and from error","status":"passed","title":"model accepts rollback from the live state and from error","duration":0.3192500000000109,"failureMessages":[],"meta":{}},{"ancestorTitles":["G003 Handoff Beat — isRollbackAllowed / ROLLBACK_ALLOWED_STATES"],"fullName":"G003 Handoff Beat — isRollbackAllowed / ROLLBACK_ALLOWED_STATES model rejects rollback from proposed (forbidden transition)","status":"passed","title":"model rejects rollback from proposed (forbidden transition)","duration":0.39916699999980665,"failureMessages":[],"meta":{}},{"ancestorTitles":["G003 Handoff Beat — isRollbackAllowed / ROLLBACK_ALLOWED_STATES"],"fullName":"G003 Handoff Beat — isRollbackAllowed / ROLLBACK_ALLOWED_STATES isFailureVisible is true only for the error state","status":"passed","title":"isFailureVisible is true only for the error state","duration":0.22550000000001091,"failureMessages":[],"meta":{}},{"ancestorTitles":["G003 Handoff Beat — duplicate same-kind blocks"],"fullName":"G003 Handoff Beat — duplicate same-kind blocks duplicate_block creates a unique clone id and never collides with the source","status":"passed","title":"duplicate_block creates a unique clone id and never collides with the source","duration":0.6568339999998898,"failureMessages":[],"meta":{}},{"ancestorTitles":["G003 Handoff Beat — duplicate same-kind blocks"],"fullName":"G003 Handoff Beat — duplicate same-kind blocks two duplicate_block calls in a row mint distinct clone ids","status":"passed","title":"two duplicate_block calls in a row mint distinct clone ids","duration":0.28975000000014006,"failureMessages":[],"meta":{}},{"ancestorTitles":["G003 Handoff Beat — duplicate same-kind blocks"],"fullName":"G003 Handoff Beat — duplicate same-kind blocks duplicate_block preserves the source kind on every clone (kind drift is forbidden)","status":"passed","title":"duplicate_block preserves the source kind on every clone (kind drift is forbidden)","duration":0.15799999999990177,"failureMessages":[],"meta":{}}],"startTime":1785270081093,"endTime":1785270081151.2898,"status":"passed","message":"","name":"/Users/simongonzalezdecruz/workspaces/handoff-cms/packages/web/test/model.test.ts"},{"assertionResults":[{"ancestorTitles":["BLOCKING_CHECK_IDS"],"fullName":"BLOCKING_CHECK_IDS is exactly ten ids in a stable order","status":"passed","title":"is exactly ten ids in a stable order","duration":1.6151250000000346,"failureMessages":[],"meta":{}},{"ancestorTitles":["evaluate — determinism"],"fullName":"evaluate — determinism returns byte-identical output for the same input","status":"passed","title":"returns byte-identical output for the same input","duration":3.8682919999999967,"failureMessages":[],"meta":{}},{"ancestorTitles":["evaluate — determinism"],"fullName":"evaluate — determinism emits fails in deterministic, evaluation order","status":"passed","title":"emits fails in deterministic, evaluation order","duration":0.46433300000001054,"failureMessages":[],"meta":{}},{"ancestorTitles":["evaluate — CLEAN baseline"],"fullName":"evaluate — CLEAN baseline passes an en clean fixture with no NIMA","status":"passed","title":"passes an en clean fixture with no NIMA","duration":1.7147090000000844,"failureMessages":[],"meta":{}},{"ancestorTitles":["evaluate — CLEAN baseline"],"fullName":"evaluate — CLEAN baseline passes an es clean fixture with no NIMA","status":"passed","title":"passes an es clean fixture with no NIMA","duration":1.1622079999999642,"failureMessages":[],"meta":{}},{"ancestorTitles":["evaluate — each blocking check fails independently"],"fullName":"evaluate — each blocking check fails independently fails document.lang when lang is unsupported or missing","status":"passed","title":"fails document.lang when lang is unsupported or missing","duration":0.8650000000000091,"failureMessages":[],"meta":{}},{"ancestorTitles":["evaluate — each blocking check fails independently"],"fullName":"evaluate — each blocking check fails independently fails headings.single-h1 when no h1","status":"passed","title":"fails headings.single-h1 when no h1","duration":0.5910410000000184,"failureMessages":[],"meta":{}},{"ancestorTitles":["evaluate — each blocking check fails independently"],"fullName":"evaluate — each blocking check fails independently fails headings.single-h1 when more than one h1","status":"passed","title":"fails headings.single-h1 when more than one h1","duration":0.87662499999999,"failureMessages":[],"meta":{}},{"ancestorTitles":["evaluate — each blocking check fails independently"],"fullName":"evaluate — each blocking check fails independently fails landmarks.required when no main/header/footer","status":"passed","title":"fails landmarks.required when no main/header/footer","duration":0.397083000000066,"failureMessages":[],"meta":{}},{"ancestorTitles":["evaluate — each blocking check fails independently"],"fullName":"evaluate — each blocking check fails independently fails forms.labeled-controls for unlabelled inputs","status":"passed","title":"fails forms.labeled-controls for unlabelled inputs","duration":0.6404589999999644,"failureMessages":[],"meta":{}},{"ancestorTitles":["evaluate — each blocking check fails independently"],"fullName":"evaluate — each blocking check fails independently fails images.alt-policy when an image has no alt","status":"passed","title":"fails images.alt-policy when an image has no alt","duration":0.675707999999986,"failureMessages":[],"meta":{}},{"ancestorTitles":["evaluate — each blocking check fails independently"],"fullName":"evaluate — each blocking check fails independently fails interactive.focus-style-hooks when no focus rule in stylesheet","status":"passed","title":"fails interactive.focus-style-hooks when no focus rule in stylesheet","duration":0.48262499999998454,"failureMessages":[],"meta":{}},{"ancestorTitles":["evaluate — each blocking check fails independently"],"fullName":"evaluate — each blocking check fails independently fails tabindex.no-positive when tabindex=1 is present","status":"passed","title":"fails tabindex.no-positive when tabindex=1 is present","duration":0.41287499999998545,"failureMessages":[],"meta":{}},{"ancestorTitles":["evaluate — each blocking check fails independently"],"fullName":"evaluate — each blocking check fails independently fails live.status when no status or aria-live region","status":"passed","title":"fails live.status when no status or aria-live region","duration":0.2764999999999418,"failureMessages":[],"meta":{}},{"ancestorTitles":["evaluate — each blocking check fails independently"],"fullName":"evaluate — each blocking check fails independently fails destructive.confirmation-marker when destructive button has no data-confirm","status":"passed","title":"fails destructive.confirmation-marker when destructive button has no data-confirm","duration":0.3488750000000209,"failureMessages":[],"meta":{}},{"ancestorTitles":["evaluate — each blocking check fails independently"],"fullName":"evaluate — each blocking check fails independently accepts a minimum target size supplied through a resolved CSS token","status":"passed","title":"accepts a minimum target size supplied through a resolved CSS token","duration":0.9366659999999456,"failureMessages":[],"meta":{}},{"ancestorTitles":["evaluate — each blocking check fails independently"],"fullName":"evaluate — each blocking check fails independently fails targets.min-size-hooks when no min-size rule in stylesheet","status":"passed","title":"fails targets.min-size-hooks when no min-size rule in stylesheet","duration":0.43229200000007495,"failureMessages":[],"meta":{}},{"ancestorTitles":["evaluate — warnings and NIMA"],"fullName":"evaluate — warnings and NIMA aggregates NIMA warning into REVIEW WARNS without failing the gate","status":"passed","title":"aggregates NIMA warning into REVIEW WARNS without failing the gate","duration":0.4730420000000777,"failureMessages":[],"meta":{}},{"ancestorTitles":["evaluate — warnings and NIMA"],"fullName":"evaluate — warnings and NIMA marks aesthetic as n/a when NIMA is absent","status":"passed","title":"marks aesthetic as n/a when NIMA is absent","duration":0.3260420000000295,"failureMessages":[],"meta":{}},{"ancestorTitles":["evaluate — warnings and NIMA"],"fullName":"evaluate — warnings and NIMA marks aesthetic as n/a when NIMA receipt is marked absent","status":"passed","title":"marks aesthetic as n/a when NIMA receipt is marked absent","duration":0.3618339999999307,"failureMessages":[],"meta":{}},{"ancestorTitles":["evaluate — warnings and NIMA"],"fullName":"evaluate — warnings and NIMA never lets NIMA turn the gate into FAIL (even with score=0)","status":"passed","title":"never lets NIMA turn the gate into FAIL (even with score=0)","duration":0.8337089999999989,"failureMessages":[],"meta":{}},{"ancestorTitles":["evaluate — warnings and NIMA"],"fullName":"evaluate — warnings and NIMA still FAILs the gate when both NIMA warn and a blocking check fail","status":"passed","title":"still FAILs the gate when both NIMA warn and a blocking check fail","duration":0.315166999999974,"failureMessages":[],"meta":{}},{"ancestorTitles":["evaluate — evidence passthrough"],"fullName":"evaluate — evidence passthrough forwards locale, viewport, screenshotSha256","status":"passed","title":"forwards locale, viewport, screenshotSha256","duration":0.46691600000008293,"failureMessages":[],"meta":{}}],"startTime":1785270081646,"endTime":1785270081665.4668,"status":"passed","message":"","name":"/Users/simongonzalezdecruz/workspaces/handoff-cms/packages/web/test/tastecheck.test.ts"}]}